<?xml version="1.0" encoding="UTF-8"?>
<!-- Generated by org.testng.reporters.JUnitReportReporter -->
<testsuite hostname="Leena-PC" name="org.web.automation.testcases.TC006_LoginAndVerifyMe" tests="1" failures="0" timestamp="28 Jun 2021 11:32:15 GMT" time="25.765" errors="0">
  <testcase name="tc001" time="25.765" classname="org.web.automation.testcases.TC006_LoginAndVerifyMe"/>
</testsuite> <!-- org.web.automation.testcases.TC006_LoginAndVerifyMe -->
