<?xml version="1.0" encoding="UTF-8"?>
<!-- Generated by org.testng.reporters.JUnitReportReporter -->
<testsuite hostname="Leena-PC" name="org.web.automation.testcases.TC_001_RegistrationFunctionality" tests="1" failures="0" timestamp="20 Jun 2021 13:57:36 GMT" time="9.327" errors="0">
  <testcase name="tc001" time="9.327" classname="org.web.automation.testcases.TC_001_RegistrationFunctionality"/>
</testsuite> <!-- org.web.automation.testcases.TC_001_RegistrationFunctionality -->
