<?xml version="1.0" encoding="UTF-8"?>
<!-- Generated by org.testng.reporters.JUnitReportReporter -->
<testsuite hostname="Leena-PC" name="org.web.automation.testcases.TC003_Registration_checkboxRadiobutton" tests="1" failures="0" timestamp="20 Jun 2021 14:22:19 GMT" time="5.685" errors="0">
  <testcase name="tc001" time="5.685" classname="org.web.automation.testcases.TC003_Registration_checkboxRadiobutton"/>
</testsuite> <!-- org.web.automation.testcases.TC003_Registration_checkboxRadiobutton -->
