<?xml version="1.0" encoding="UTF-8"?>
<!-- Generated by org.testng.reporters.JUnitReportReporter -->
<testsuite hostname="Leena-PC" name="org.web.automation.testcases.TC005_Registration_DataFromPage" tests="1" failures="0" timestamp="21 Jun 2021 11:02:42 GMT" time="18.654" errors="0">
  <testcase name="tc001" time="18.654" classname="org.web.automation.testcases.TC005_Registration_DataFromPage"/>
</testsuite> <!-- org.web.automation.testcases.TC005_Registration_DataFromPage -->
