<?xml version="1.0" encoding="UTF-8"?>
<!-- Generated by org.testng.reporters.JUnitReportReporter -->
<testsuite hostname="Leena-PC" name="org.web.automation.testcases.TC004_Registration_DropDownList" tests="1" failures="0" timestamp="20 Jun 2021 16:32:02 GMT" time="12.383" errors="0">
  <testcase name="tc001" time="12.383" classname="org.web.automation.testcases.TC004_Registration_DropDownList"/>
</testsuite> <!-- org.web.automation.testcases.TC004_Registration_DropDownList -->
